
> app@1.0.0 start
> node src/app.js

[dotenv@17.3.1] injecting env (0) from .env -- tip: 🔐 prevent building .env in docker: https://dotenvx.com/prebuild
Server is running on http://localhost:3000
Initializing 0 accounts...
User connected to dashboard
User disconnected from dashboard
User connected to dashboard
⚠️ The printQRInTerminal option has been deprecated. You will no longer receive QR codes in the terminal automatically. Please listen to the connection.update event yourself and handle the QR your way. You can remove this message by removing this opttion. This message will be removed in a future version.
[dotenv@17.3.1] injecting env (0) from .env -- tip: ⚡️ secrets for agents: https://dotenvx.com/as2
{"level":30,"time":1774431851058,"pid":17716,"hostname":"devbox","trace":"Error: Intentional Logout\n    at Object.logout (file:///app/node_modules/@whiskeysockets/baileys/lib/Socket/socket.js:583:13)\n    at logout (/app/src/whatsapp/client.js:95:20)\n    at deleteAccount (/app/src/controllers/auth.controller.js:42:15)\n    at Layer.handleRequest (/app/node_modules/router/lib/layer.js:152:17)\n    at next (/app/node_modules/router/lib/route.js:157:13)\n    at Route.dispatch (/app/node_modules/router/lib/route.js:117:3)\n    at handle (/app/node_modules/router/index.js:435:11)\n    at Layer.handleRequest (/app/node_modules/router/lib/layer.js:152:17)\n    at /app/node_modules/router/index.js:295:15\n    at param (/app/node_modules/router/index.js:600:14)","msg":"connection errored"}
User disconnected from dashboard
User connected to dashboard
User disconnected from dashboard
User connected to dashboard
⚠️ The printQRInTerminal option has been deprecated. You will no longer receive QR codes in the terminal automatically. Please listen to the connection.update event yourself and handle the QR your way. You can remove this message by removing this opttion. This message will be removed in a future version.
{"level":30,"time":1774432335962,"pid":17716,"hostname":"devbox","browser":["Mac OS","Chrome","14.4.1"],"helloMsg":{"clientHello":{"ephemeral":"XffGViWf5L1t5QxlfKYZNrZcaj+sz/8Wvj1sPMZSUQI="}},"msg":"connected to WA"}
{"level":30,"time":1774432336034,"pid":17716,"hostname":"devbox","node":{"passive":false,"userAgent":{"platform":"WEB","appVersion":{"primary":2,"secondary":3000,"tertiary":1035194821},"mcc":"000","mnc":"000","osVersion":"0.1","device":"Desktop","osBuildNumber":"0.1","releaseChannel":"RELEASE","localeLanguageIso6391":"en","localeCountryIso31661Alpha2":"US"},"webInfo":{"webSubPlatform":"WEB_BROWSER"},"connectType":"WIFI_UNKNOWN","connectReason":"USER_ACTIVATED","devicePairingData":{"eRegid":"AAAAtQ==","eKeytype":"BQ==","eIdent":"QKKaHFwOz0P6IKgAu6NpF5DWbNFsRhflSJsSJ/Xd5zk=","eSkeyId":"AAAB","eSkeyVal":"XJVLfNmd20GzQziHnGcUKtItv4/9io4Lw0SKRNP78mM=","eSkeySig":"r+LjglHAVP4EprY35EvSsc74cIs6OhPCrY2P15MK+/Rn+TVncPcIN6Jt3iul2PQtPjJCMrwt9v3EZq6or3LrDQ==","buildHash":"oslHHv+RCp4a5lmJCiiHLQ==","deviceProps":"CgZNYWMgT1MSBggKEA8YBxgBIAEqFxiAUCABMAA4AUABSAFQAVgBYAFwAXgA"},"pull":false},"msg":"not logged in, attempting registration..."}
{"level":30,"time":1774432336063,"pid":17716,"hostname":"devbox","trace":"Error: Intentional Logout\n    at Object.logout (file:///app/node_modules/@whiskeysockets/baileys/lib/Socket/socket.js:583:13)\n    at logout (/app/src/whatsapp/client.js:95:20)\n    at deleteAccount (/app/src/controllers/auth.controller.js:42:15)\n    at Layer.handleRequest (/app/node_modules/router/lib/layer.js:152:17)\n    at next (/app/node_modules/router/lib/route.js:157:13)\n    at Route.dispatch (/app/node_modules/router/lib/route.js:117:3)\n    at handle (/app/node_modules/router/index.js:435:11)\n    at Layer.handleRequest (/app/node_modules/router/lib/layer.js:152:17)\n    at /app/node_modules/router/index.js:295:15\n    at param (/app/node_modules/router/index.js:600:14)","msg":"connection errored"}
User disconnected from dashboard
